#
# There is insufficient memory for the Java Runtime Environment to continue.
# Native memory allocation (malloc) failed to allocate 1048576 bytes for AllocateHeap
# Possible reasons:
#   The system is out of physical RAM or swap space
#   The process is running with CompressedOops enabled, and the Java Heap may be blocking the growth of the native heap
# Possible solutions:
#   Reduce memory load on the system
#   Increase physical memory or swap space
#   Check if swap backing store is full
#   Decrease Java heap size (-Xmx/-Xms)
#   Decrease number of Java threads
#   Decrease Java thread stack sizes (-Xss)
#   Set larger code cache with -XX:ReservedCodeCacheSize=
#   JVM is running with Unscaled Compressed Oops mode in which the Java heap is
#     placed in the first 4GB address space. The Java Heap base address is the
#     maximum limit for the native heap growth. Please use -XX:HeapBaseMinAddress
#     to set the Java Heap base and to place the Java Heap above 4GB virtual address.
# This output file may be truncated or incomplete.
#
#  Out of Memory Error (memory/allocation.inline.hpp:61), pid=46272, tid=0x000000000000ade4
#
# JRE version:  (8.0_241-b07) (build )
# Java VM: Java HotSpot(TM) 64-Bit Server VM (25.241-b07 mixed mode windows-amd64 compressed oops)
# Failed to write core dump. Minidumps are not enabled by default on client versions of Windows
#

---------------  T H R E A D  ---------------

Current thread (0x0000000002d1b000):  JavaThread "Unknown thread" [_thread_in_vm, id=44516, stack(0x0000000002b30000,0x0000000002c30000)]

Stack: [0x0000000002b30000,0x0000000002c30000]
[error occurred during error reporting (printing stack bounds), id 0xc0000005]

Native frames: (J=compiled Java code, j=interpreted, Vv=VM code, C=native code)


---------------  P R O C E S S  ---------------

Java Threads: ( => current thread )

Other Threads:

=>0x0000000002d1b000 (exited) JavaThread "Unknown thread" [_thread_in_vm, id=44516, stack(0x0000000002b30000,0x0000000002c30000)]

VM state:not at safepoint (normal execution)

VM Mutex/Monitor currently owned by a thread: None

heap address: 0x0000000082600000, size: 2010 MB, Compressed Oops mode: 32-bit
Narrow klass base: 0x0000000000000000, Narrow klass shift: 3
Compressed class space size: 1073741824 Address: 0x0000000100000000

Heap:
 PSYoungGen      total 37888K, used 655K [0x00000000d6200000, 0x00000000d8c00000, 0x0000000100000000)
  eden space 32768K, 2% used [0x00000000d6200000,0x00000000d62a3d80,0x00000000d8200000)
  from space 5120K, 0% used [0x00000000d8700000,0x00000000d8700000,0x00000000d8c00000)
  to   space 5120K, 0% used [0x00000000d8200000,0x00000000d8200000,0x00000000d8700000)
 ParOldGen       total 86016K, used 0K [0x0000000082600000, 0x0000000087a00000, 0x00000000d6200000)
  object space 86016K, 0% used [0x0000000082600000,0x0000000082600000,0x0000000087a00000)
 Metaspace       used 776K, capacity 4480K, committed 4480K, reserved 1056768K
  class space    used 76K, capacity 384K, committed 384K, reserved 1048576K

Card table byte_map: [0x00000000122d0000,0x00000000126c0000] byte_map_base: 0x0000000011ebd000

Marking Bits: (ParMarkBitMap*) 0x000000006390be30
 Begin Bits: [0x0000000013160000, 0x00000000150c8000)
 End Bits:   [0x00000000150c8000, 0x0000000017030000)

Polling page: 0x0000000000a50000

CodeCache: size=245760Kb used=328Kb max_used=328Kb free=245431Kb
 bounds [0x0000000002f10000, 0x0000000003180000, 0x0000000011f10000]
 total_blobs=58 nmethods=0 adapters=38
 compilation: enabled

Compilation events (0 events):
No events

GC Heap History (0 events):
No events

Deoptimization events (0 events):
No events

Classes redefined (0 events):
No events

Internal exceptions (0 events):
No events

Events (10 events):
Event: 0.026 loading class java/lang/Short
Event: 0.026 loading class java/lang/Short done
Event: 0.026 loading class java/lang/Integer
Event: 0.026 loading class java/lang/Integer done
Event: 0.026 loading class java/lang/Long
Event: 0.026 loading class java/lang/Long done
Event: 0.027 loading class java/lang/NullPointerException
Event: 0.027 loading class java/lang/NullPointerException done
Event: 0.027 loading class java/lang/ArithmeticException
Event: 0.027 loading class java/lang/ArithmeticException done


Dynamic libraries:
0x00007ff6dae80000 - 0x00007ff6daeb7000 	C:\Program Files\Java\jdk1.8.0_241\bin\java.exe
0x00007ff99f420000 - 0x00007ff99f60d000 	C:\Windows\SYSTEM32\ntdll.dll
0x00007ff99ef10000 - 0x00007ff99efc3000 	C:\Windows\System32\KERNEL32.DLL
0x00007ff99b6e0000 - 0x00007ff99b975000 	C:\Windows\System32\KERNELBASE.dll
0x00007ff99efe0000 - 0x00007ff99f083000 	C:\Windows\System32\ADVAPI32.dll
0x00007ff99c660000 - 0x00007ff99c6fe000 	C:\Windows\System32\msvcrt.dll
0x00007ff99e390000 - 0x00007ff99e42e000 	C:\Windows\System32\sechost.dll
0x00007ff99f090000 - 0x00007ff99f1b2000 	C:\Windows\System32\RPCRT4.dll
0x00007ff99ed10000 - 0x00007ff99eea7000 	C:\Windows\System32\USER32.dll
0x00007ff99bce0000 - 0x00007ff99bd00000 	C:\Windows\System32\win32u.dll
0x00007ff99ca70000 - 0x00007ff99ca99000 	C:\Windows\System32\GDI32.dll
0x00007ff99c450000 - 0x00007ff99c5e9000 	C:\Windows\System32\gdi32full.dll
0x00007ff99b980000 - 0x00007ff99ba20000 	C:\Windows\System32\msvcp_win.dll
0x00007ff99b5e0000 - 0x00007ff99b6da000 	C:\Windows\System32\ucrtbase.dll
0x00007ff97f420000 - 0x00007ff97f699000 	C:\Windows\WinSxS\amd64_microsoft.windows.common-controls_6595b64144ccf1df_6.0.17763.1158_none_de722d88534a897f\COMCTL32.dll
0x00007ff99c700000 - 0x00007ff99ca2c000 	C:\Windows\System32\combase.dll
0x00007ff99b560000 - 0x00007ff99b5de000 	C:\Windows\System32\bcryptPrimitives.dll
0x00007ff99ca40000 - 0x00007ff99ca6e000 	C:\Windows\System32\IMM32.DLL
0x0000000065c40000 - 0x0000000065d12000 	C:\Program Files\Java\jdk1.8.0_241\jre\bin\msvcr100.dll
0x00000000630e0000 - 0x000000006398c000 	C:\Program Files\Java\jdk1.8.0_241\jre\bin\server\jvm.dll
0x00007ff99ca30000 - 0x00007ff99ca38000 	C:\Windows\System32\PSAPI.DLL
0x00007ff97db40000 - 0x00007ff97db49000 	C:\Windows\SYSTEM32\WSOCK32.dll
0x00007ff992610000 - 0x00007ff99261a000 	C:\Windows\SYSTEM32\VERSION.dll
0x00007ff989f00000 - 0x00007ff989f24000 	C:\Windows\SYSTEM32\WINMM.dll
0x00007ff99eca0000 - 0x00007ff99ed0d000 	C:\Windows\System32\WS2_32.dll
0x00007ff989cb0000 - 0x00007ff989cdd000 	C:\Windows\SYSTEM32\winmmbase.dll
0x00007ff99c5f0000 - 0x00007ff99c63a000 	C:\Windows\System32\cfgmgr32.dll
0x00007ff993ad0000 - 0x00007ff993adf000 	C:\Program Files\Java\jdk1.8.0_241\jre\bin\verify.dll
0x00007ff993270000 - 0x00007ff993299000 	C:\Program Files\Java\jdk1.8.0_241\jre\bin\java.dll
0x00007ff992170000 - 0x00007ff992193000 	C:\Program Files\Java\jdk1.8.0_241\jre\bin\instrument.dll
0x00007ff993600000 - 0x00007ff993616000 	C:\Program Files\Java\jdk1.8.0_241\jre\bin\zip.dll

VM Arguments:
jvm_args: -ea -Didea.test.cyclic.buffer.size=1048576 -javaagent:D:\软件\idealC\IntelliJ IDEA 2019.3.3\lib\idea_rt.jar=51817:D:\软件\idealC\IntelliJ IDEA 2019.3.3\bin -Dfile.encoding=UTF-8 
java_command: com.intellij.rt.junit.JUnitStarter -ideVersion5 -junit4 com.example.boottest.justtest,stremovetest
java_class_path (initial): D:\软件\idealC\IntelliJ IDEA 2019.3.3\lib\idea_rt.jar;D:\软件\idealC\IntelliJ IDEA 2019.3.3\plugins\junit\lib\junit5-rt.jar;D:\软件\idealC\IntelliJ IDEA 2019.3.3\plugins\junit\lib\junit-rt.jar;C:\Program Files\Java\jdk1.8.0_241\jre\lib\charsets.jar;C:\Program Files\Java\jdk1.8.0_241\jre\lib\deploy.jar;C:\Program Files\Java\jdk1.8.0_241\jre\lib\ext\access-bridge-64.jar;C:\Program Files\Java\jdk1.8.0_241\jre\lib\ext\cldrdata.jar;C:\Program Files\Java\jdk1.8.0_241\jre\lib\ext\dnsns.jar;C:\Program Files\Java\jdk1.8.0_241\jre\lib\ext\jaccess.jar;C:\Program Files\Java\jdk1.8.0_241\jre\lib\ext\jfxrt.jar;C:\Program Files\Java\jdk1.8.0_241\jre\lib\ext\localedata.jar;C:\Program Files\Java\jdk1.8.0_241\jre\lib\ext\nashorn.jar;C:\Program Files\Java\jdk1.8.0_241\jre\lib\ext\sunec.jar;C:\Program Files\Java\jdk1.8.0_241\jre\lib\ext\sunjce_provider.jar;C:\Program Files\Java\jdk1.8.0_241\jre\lib\ext\sunmscapi.jar;C:\Program Files\Java\jdk1.8.0_241\jre\lib\ext\sunpkcs11.jar;C:\Program Files\Java\jdk1.8.0_241\jre\lib\ext\zipfs.jar;C:\Program Files\Java\jdk1.8.0_241\jre\lib\javaws.jar;C:\Program Files\Java\jdk1.8.0_241\jre\lib\jce.jar;C:\Program Files\Java\jdk1.8.0_241\jre\lib\jfr.jar;C:\Program Files\Java\jdk1.8.0_241\jre\lib\jfxswt.jar;C:\Program Files\Java\jdk1.8.0_241\jre\lib\jsse.jar;C:\Program Files\Java\jdk1.8.0_241\jre\lib\management-agent.jar;C:\Program Files\Java\jdk1.8.0_241\jre\lib\plugin.jar;C:\Program Files\Java\jdk1.8.0_241\jre\lib\resources.jar;C:\Program Files\Java\jdk1.8.0_241\jre\lib\rt.jar;D:\文档\java\boottest\target\test-classes;D:\文档\java\boottest\target\classes;C:\Users\deng\.m2\repository\org\springframework\boot\spring-boot-starter-web\2.2.5.RELEASE\spring-boot-starter-web-2.2.5.RELEASE.jar;C:\Users\deng\.m2\repository\org\springframework\boot\spring-boot-starter\2.2.5.RELEASE\spring-boot-starter-2.2.5.RELEASE.jar;C:\Users\deng\.m2\repository\org\springframework\boot\spring-boot\2.2.5.RELEASE\spring-boot-2.2.5.RELEASE.jar;C:\User
Launcher Type: SUN_STANDARD

Environment Variables:
JAVA_HOME=C:\Program Files\Java\jdk1.8.0_241
JRE_HOME=C:\Program Files\Java\jdk1.8.0_241\jre
PATH=C:\Program Files (x86)\Common Files\Oracle\Java\javapath;C:\Windows\system32;C:\Windows;C:\Windows\System32\Wbem;C:\Windows\System32\WindowsPowerShell\v1.0\;C:\Windows\System32\OpenSSH\;C:\Program Files (x86)\NVIDIA Corporation\PhysX\Common;C:\Program Files\NVIDIA Corporation\NVIDIA NvDLISR;C:\Program Files\Intel\WiFi\bin\;C:\Program Files\Common Files\Intel\WirelessCommon\;C:\Program Files\Git\cmd;C:\Program Files\MySQL\MySQL Server 8.0\bin;C:\Program Files\Java\jdk1.8.0_241\bin;C:\Program Files\MySQL\MySQL Shell 8.0\bin\;C:\Users\deng\AppData\Local\Programs\Python\Python37\Scripts\;C:\Users\deng\AppData\Local\Programs\Python\Python37\;C:\Users\deng\AppData\Local\Microsoft\WindowsApps;D:\program\Microsoft VS Code\bin;C:\Program Files\MySQL\MySQL Server 8.0\bin;C:\Program Files\Java\jdk1.8.0_241\bin;
USERNAME=deng
OS=Windows_NT
PROCESSOR_IDENTIFIER=Intel64 Family 6 Model 142 Stepping 12, GenuineIntel



---------------  S Y S T E M  ---------------

OS: Windows 10.0 , 64 bit Build 17763 (10.0.17763.1158)

CPU:total 8 (initial active 8) (4 cores per cpu, 2 threads per core) family 6 model 142 stepping 12, cmov, cx8, fxsr, mmx, sse, sse2, sse3, ssse3, sse4.1, sse4.2, popcnt, avx, avx2, aes, clmul, erms, 3dnowpref, lzcnt, ht, tsc, tscinvbit, bmi1, bmi2, adx

Memory: 4k page, physical 8230644k(663148k free), swap 18716400k(5696k free)

vm_info: Java HotSpot(TM) 64-Bit Server VM (25.241-b07) for windows-amd64 JRE (1.8.0_241-b07), built on Dec 11 2019 10:21:40 by "rejava" with MS VC++ 10.0 (VS2010)

time: Thu Apr 30 18:23:40 2020
timezone: 中国标准时间
elapsed time: 0 seconds (0d 0h 0m 0s)

